#
# A fatal error has been detected by the Java Runtime Environment:
#
#  EXCEPTION_ACCESS_VIOLATION (0xc0000005) at pc=0x00007ffd130715e5, pid=3852, tid=9596
#
# JRE version: OpenJDK Runtime Environment (11.0.6+10) (build 11.0.6+10)
# Java VM: OpenJDK 64-Bit Server VM (11.0.6+10, mixed mode, tiered, compressed oops, g1 gc, windows-amd64)
# Problematic frame:
# C  [ig11icd64.dll+0x415e5]
#
# No core dump will be written. Minidumps are not enabled by default on client versions of Windows
#
# If you would like to submit a bug report, please visit:
#   https://github.com/AdoptOpenJDK/openjdk-support/issues
# The crash happened outside the Java Virtual Machine in native code.
# See problematic frame for where to report the bug.
#

---------------  S U M M A R Y ------------

Command Line: -agentlib:jdwp=transport=dt_socket,server=n,suspend=y,address=127.0.0.1:58290 -Dfile.encoding=windows-1252 -Duser.country=US -Duser.language=en -Duser.variant Main java.library.paths=libs

Host: Intel(R) Core(TM) i5-1035G1 CPU @ 1.00GHz, 8 cores, 11G,  Windows 10 , 64 bit Build 19041 (10.0.19041.1466)
Time: Fri Jan 14 00:38:29 2022 Eastern Standard Time elapsed time: 86 seconds (0d 0h 1m 26s)

---------------  T H R E A D  ---------------

Current thread (0x000001f34298a000):  JavaThread "JDWP Transport Listener: dt_socket" daemon [_thread_in_native, id=9596, stack(0x0000002980b00000,0x0000002980c00000)]

Stack: [0x0000002980b00000,0x0000002980c00000],  sp=0x0000002980bfe560,  free space=1017k
Native frames: (J=compiled Java code, j=interpreted, Vv=VM code, C=native code)
C  [ig11icd64.dll+0x415e5]
