#
# A fatal error has been detected by the Java Runtime Environment:
#
#  EXCEPTION_ACCESS_VIOLATION (0xc0000005) at pc=0x00007ffd130715e5, pid=6872, tid=5548
#
# JRE version: OpenJDK Runtime Environment (11.0.6+10) (build 11.0.6+10)
# Java VM: OpenJDK 64-Bit Server VM (11.0.6+10, mixed mode, tiered, compressed oops, g1 gc, windows-amd64)
# Problematic frame:
# C  [ig11icd64.dll+0x415e5]
#
# No core dump will be written. Minidumps are not enabled by default on client versions of Windows
#
# If you would like to submit a bug report, please visit:
#   https://github.com/AdoptOpenJDK/openjdk-support/issues
#

---------------  S U M M A R Y ------------

Command Line: -Dfile.encoding=windows-1252 -Duser.country=US -Duser.language=en -Duser.variant Main java.library.paths=libs

Host: Intel(R) Core(TM) i5-1035G1 CPU @ 1.00GHz, 8 cores, 11G,  Windows 10 , 64 bit Build 19041 (10.0.19041.1466)
Time: Fri Jan 14 00:38:31 2022 Eastern Standard Time elapsed time: 1 seconds (0d 0h 0m 1s)

---------------  T H R E A D  ---------------

Current thread (0x0000013c53d59000):  VMThread "VM Thread" [stack: 0x0000000316e00000,0x0000000316f00000] [id=5548]

Stack: [0x0000000316e00000,0x0000000316f00000],  sp=0x0000000316efe0f0,  free space=1016k
Native frames: (J=compiled Java code, j=interpreted, Vv=VM code, C=native code)
C  [ig11icd64.dll+0x415e5]


siginfo: EXCEPTION_ACCESS_VIOLATION (0xc0000005), reading address 0x0000000000034868


Register to memory mapping:

RIP=0x00007ffd130715e5 ig11icd64.dll
RAX=0x0000013c5bc688d8 points into unknown readable memory: 3e 00 00 00 00 00 00 00
RBX=0x0000013c5bc68810 points into unknown readable memory: 90 42 d9 54 3c 01 00 00
RCX=0x0 is NULL
RDX=0x0000013c5bc688d8 points into unknown readable memory: 3e 00 00 00 00 00 00 00
RSP=0x0000000316efe0f0 points into unknown readable memory: 68 0f f6 54 3c 01 00 00
RBP=0x0 is NULL
RSI=0x0000013c54fd5b60 points into unknown readable memory: 90 42 d9 54 3c 01 00 00
RDI=0x0000013c54f60d50 points into unknown readable memory: 00 00 00 00 00 00 00 00
R8 =0x0 is NULL
R9 =0x0 is NULL
R10=0x0 is NULL
R11=0x0000000000000246 is an unknown value
R12=0x0000013c54ddd200 points into unknown readable memory: 00 00 00 00 00 00 00 00
R13=0x0 is NULL
R14=0x0000013c5bc68ca0 points into unknown readable memory: 60 5b fd 54 3c 01 00 00
R15=0x0 is NULL


Registers:
RAX=0x0000013c5bc688d8, RBX=0x0000013c5bc68810, RCX=0x0000000000000000, RDX=0x0000013c5bc688d8
RSP=0x0000000316efe0f0, RBP=0x0000000000000000, RSI=0x0000013c54fd5b60, RDI=0x0000013c54f60d50
R8 =0x0000000000000000, R9 =0x0000000000000000, R10=0x0000000000000000, R11=0x0000000000000246
R12=0x0000013c54ddd200, R13=0x0000000000000000, R14=0x0000013c5bc68ca0, R15=0x0000000000000000
RIP=0x00007ffd130715e5, EFLAGS=0x0000000000010206

Top of Stack: (sp=0x0000000316efe0f0)
0x0000000316efe0f0:   0000013c54f60f68 00007ffd1306e932
0x0000000316efe100:   000071b7ffc45bc3 0000000000000431
0x0000000316efe110:   0000000000000060 0000000000000000
0x0000000316efe120:   0000000000000431 0000013c54ddd240
0x0000000316efe130:   0000b802000000a8 00007ffd13054a56
0x0000000316efe140:   0000013c54d2c9f0 0000013c54f60d50
0x0000000316efe150:   0000000316efe240 0000000000000000
0x0000000316efe160:   0000013c00000000 0000000000000000
0x0000000316efe170:   000000000000042c 0000013c54fa7228
0x0000000316efe180:   0000165458170000 0000013c54fa7160
0x0000000316efe190:   0000013c54fa7160 0000000000000060
0x0000000316efe1a0:   000071b7ffc46433 00007ffd1306e44c
0x0000000316efe1b0:   0000000000000000 0000000316efe290
0x0000000316efe1c0:   0000000000000060 0000013c54dde500
0x0000000316efe1d0:   0000000000000000 0000013c54dde508
0x0000000316efe1e0:   0000b802000000a8 0000000000001558 

Instructions: (pc=0x00007ffd130715e5)
0x00007ffd130714e5:   c7 87 88 02 00 00 00 00 00 00 48 c7 87 a0 02 00
0x00007ffd130714f5:   00 00 00 00 00 48 c7 87 90 02 00 00 00 00 00 00
0x00007ffd13071505:   48 85 ed 75 1c 65 48 8b 0c 25 58 00 00 00 8b 05
0x00007ffd13071515:   fb 53 e4 00 bd 10 00 00 00 48 8b 04 c1 48 8b 2c
0x00007ffd13071525:   28 48 85 f6 0f 84 4d 03 00 00 90 48 8b de 4c 8d
0x00007ffd13071535:   b6 90 04 00 00 49 8b 36 45 84 ff 0f 85 eb 02 00
0x00007ffd13071545:   00 8b 8f e0 01 00 00 48 8b 05 9d c0 c5 00 83 b8
0x00007ffd13071555:   50 03 00 00 02 0f 85 f9 00 00 00 48 8d 93 c8 00
0x00007ffd13071565:   00 00 83 f9 10 73 06 48 6b c1 38 eb 5d 44 8d 41
0x00007ffd13071575:   f0 41 8b c0 c1 e8 04 83 f8 03 73 20 0f ae e8 41
0x00007ffd13071585:   83 e0 0f 4c 8b 8c c2 80 03 00 00 4d 85 c9 74 28
0x00007ffd13071595:   41 8b c0 48 6b c0 38 49 03 c1 eb 31 48 8b 82 98
0x00007ffd130715a5:   03 00 00 48 85 c0 74 10 0f 1f 00 39 08 74 29 48
0x00007ffd130715b5:   8b 40 40 48 85 c0 75 f3 80 ba a0 03 00 00 00 74
0x00007ffd130715c5:   1d 8b c1 83 e0 0f 48 6b c0 38 48 03 c2 48 85 c0
0x00007ffd130715d5:   74 0c 48 8b 48 08 eb 08 48 83 c0 08 eb ef 33 c9
0x00007ffd130715e5:   48 3b 8d 68 48 03 00 76 6b 48 8b 87 80 02 00 00
0x00007ffd130715f5:   49 89 06 48 89 9f 80 02 00 00 ff 87 88 02 00 00
0x00007ffd13071605:   48 8b 4b 08 48 8b 01 ba 01 00 00 00 48 8b 80 d0
0x00007ffd13071615:   02 00 00 ff 15 6a f0 9f 00 0f b7 c8 48 2b c1 48
0x00007ffd13071625:   05 00 00 01 00 48 01 87 90 02 00 00 48 8b 4b 08
0x00007ffd13071635:   48 8b 01 ba 01 00 00 00 48 8b 80 d0 02 00 00 ff
0x00007ffd13071645:   15 3e f0 9f 00 48 01 87 a0 02 00 00 41 b4 01 e9
0x00007ffd13071655:   e3 01 00 00 44 8b 9f e0 01 00 00 48 8b 87 f8 01
0x00007ffd13071665:   00 00 4c 8b 10 8b 8f e0 01 00 00 48 8d 93 c8 00
0x00007ffd13071675:   00 00 83 f9 10 73 06 48 6b c1 38 eb 5d 44 8d 41
0x00007ffd13071685:   f0 41 8b c0 c1 e8 04 83 f8 03 73 20 0f ae e8 41
0x00007ffd13071695:   83 e0 0f 4c 8b 8c c2 80 03 00 00 4d 85 c9 74 28
0x00007ffd130716a5:   41 8b c0 48 6b c0 38 49 03 c1 eb 31 48 8b 82 98
0x00007ffd130716b5:   03 00 00 48 85 c0 74 10 0f 1f 00 39 08 74 3e 48
0x00007ffd130716c5:   8b 40 40 48 85 c0 75 f3 80 ba a0 03 00 00 00 74
0x00007ffd130716d5:   1b 8b c1 83 e0 0f 48 6b c0 38 48 03 c2 48 85 c0 


Stack slot to memory mapping:
stack at sp + 0 slots: 0x0000013c54f60f68 points into unknown readable memory: 00 00 00 00 00 00 00 00
stack at sp + 1 slots: 0x00007ffd1306e932 ig11icd64.dll
stack at sp + 2 slots: 0x000071b7ffc45bc3 is an unknown value
stack at sp + 3 slots: 0x0000000000000431 is an unknown value
stack at sp + 4 slots: 0x0000000000000060 is an unknown value
stack at sp + 5 slots: 0x0 is NULL
stack at sp + 6 slots: 0x0000000000000431 is an unknown value
stack at sp + 7 slots: 0x0000013c54ddd240 points into unknown readable memory: 00 00 00 00 00 00 00 00

VM_Operation (0x00000003168fe5a0): Exit, mode: safepoint, requested by thread 0x0000013c30a2a000


---------------  P R O C E S S  ---------------

Threads class SMR info:
_java_thread_list=0x0000013c5524e4c0, length=10, elements={
0x0000013c30a2a000, 0x0000013c53d5d000, 0x0000013c53d5e000, 0x0000013c545db800,
0x0000013c545dd000, 0x0000013c545df000, 0x0000013c545e2800, 0x0000013c545e3800,
0x0000013c54766800, 0x0000013c5476c800
}

Java Threads: ( => current thread )
  0x0000013c30a2a000 JavaThread "main" [_thread_blocked, id=5936, stack(0x0000000316800000,0x0000000316900000)]
  0x0000013c53d5d000 JavaThread "Reference Handler" daemon [_thread_blocked, id=10508, stack(0x0000000316f00000,0x0000000317000000)]
  0x0000013c53d5e000 JavaThread "Finalizer" daemon [_thread_blocked, id=10524, stack(0x0000000317000000,0x0000000317100000)]
  0x0000013c545db800 JavaThread "Signal Dispatcher" daemon [_thread_blocked, id=5080, stack(0x0000000317100000,0x0000000317200000)]
  0x0000013c545dd000 JavaThread "Attach Listener" daemon [_thread_blocked, id=2364, stack(0x0000000317200000,0x0000000317300000)]
  0x0000013c545df000 JavaThread "C2 CompilerThread0" daemon [_thread_blocked, id=8120, stack(0x0000000317300000,0x0000000317400000)]
  0x0000013c545e2800 JavaThread "C1 CompilerThread0" daemon [_thread_blocked, id=2752, stack(0x0000000317400000,0x0000000317500000)]
  0x0000013c545e3800 JavaThread "Sweeper thread" daemon [_thread_blocked, id=8296, stack(0x0000000317500000,0x0000000317600000)]
  0x0000013c54766800 JavaThread "Service Thread" daemon [_thread_blocked, id=8112, stack(0x0000000317600000,0x0000000317700000)]
  0x0000013c5476c800 JavaThread "Common-Cleaner" daemon [_thread_blocked, id=2940, stack(0x0000000317800000,0x0000000317900000)]

Other Threads:
=>0x0000013c53d59000 VMThread "VM Thread" [stack: 0x0000000316e00000,0x0000000316f00000] [id=5548]
  0x0000013c30a41800 GCTaskThread "GC Thread#0" [stack: 0x0000000316900000,0x0000000316a00000] [id=1812]
  0x0000013c30a87800 ConcurrentGCThread "G1 Main Marker" [stack: 0x0000000316a00000,0x0000000316b00000] [id=12260]
  0x0000013c30a89000 ConcurrentGCThread "G1 Conc#0" [stack: 0x0000000316b00000,0x0000000316c00000] [id=6840]
  0x0000013c30b0e000 ConcurrentGCThread "G1 Refine#0" [stack: 0x0000000316c00000,0x0000000316d00000] [id=10252]
  0x0000013c53bba800 ConcurrentGCThread "G1 Young RemSet Sampling" [stack: 0x0000000316d00000,0x0000000316e00000] [id=3248]

Threads with active compile tasks:
C2 CompilerThread0   1675  962       4       java.lang.invoke.LambdaForm$Name::useCount (42 bytes)
C1 CompilerThread0   1675  960       3       java.lang.invoke.BoundMethodHandle$Specializer$Factory::chooseFieldName (25 bytes)

VM state:at safepoint (shutting down)

VM Mutex/Monitor currently owned by a thread:  ([mutex/lock_event])
[0x0000013c30a26f70] Threads_lock - owner thread: 0x0000013c53d59000

Heap address: 0x0000000744e00000, size: 2994 MB, Compressed Oops mode: Zero based, Oop shift amount: 3
Narrow klass base: 0x0000000800000000, Narrow klass shift: 0
Compressed class space size: 1073741824 Address: 0x0000000800000000

Heap:
 garbage-first heap   total 192512K, used 15360K [0x0000000744e00000, 0x0000000800000000)
  region size 1024K, 17 young (17408K), 0 survivors (0K)
 Metaspace       used 13325K, capacity 13591K, committed 13696K, reserved 1062912K
  class space    used 987K, capacity 1101K, committed 1152K, reserved 1048576K
Heap Regions: E=young(eden), S=young(survivor), O=old, HS=humongous(starts), HC=humongous(continues), CS=collection set, F=free, A=archive, TAMS=top-at-mark-start (previous, next)
|   0|0x0000000744e00000, 0x0000000744e00000, 0x0000000744f00000|  0%| F|  |TAMS 0x0000000744e00000, 0x0000000744e00000| Untracked 
|   1|0x0000000744f00000, 0x0000000744f00000, 0x0000000745000000|  0%| F|  |TAMS 0x0000000744f00000, 0x0000000744f00000| Untracked 
|   2|0x0000000745000000, 0x0000000745000000, 0x0000000745100000|  0%| F|  |TAMS 0x0000000745000000, 0x0000000745000000| Untracked 
|   3|0x0000000745100000, 0x0000000745100000, 0x0000000745200000|  0%| F|  |TAMS 0x0000000745100000, 0x0000000745100000| Untracked 
|   4|0x0000000745200000, 0x0000000745200000, 0x0000000745300000|  0%| F|  |TAMS 0x0000000745200000, 0x0000000745200000| Untracked 
|   5|0x0000000745300000, 0x0000000745300000, 0x0000000745400000|  0%| F|  |TAMS 0x0000000745300000, 0x0000000745300000| Untracked 
|   6|0x0000000745400000, 0x0000000745400000, 0x0000000745500000|  0%| F|  |TAMS 0x0000000745400000, 0x0000000745400000| Untracked 
|   7|0x0000000745500000, 0x0000000745500000, 0x0000000745600000|  0%| F|  |TAMS 0x0000000745500000, 0x0000000745500000| Untracked 
|   8|0x0000000745600000, 0x0000000745600000, 0x0000000745700000|  0%| F|  |TAMS 0x0000000745600000, 0x0000000745600000| Untracked 
|   9|0x0000000745700000, 0x0000000745700000, 0x0000000745800000|  0%| F|  |TAMS 0x0000000745700000, 0x0000000745700000| Untracked 
|  10|0x0000000745800000, 0x0000000745800000, 0x0000000745900000|  0%| F|  |TAMS 0x0000000745800000, 0x0000000745800000| Untracked 
|  11|0x0000000745900000, 0x0000000745900000, 0x0000000745a00000|  0%| F|  |TAMS 0x0000000745900000, 0x0000000745900000| Untracked 
|  12|0x0000000745a00000, 0x0000000745a00000, 0x0000000745b00000|  0%| F|  |TAMS 0x0000000745a00000, 0x0000000745a00000| Untracked 
|  13|0x0000000745b00000, 0x0000000745b00000, 0x0000000745c00000|  0%| F|  |TAMS 0x0000000745b00000, 0x0000000745b00000| Untracked 
|  14|0x0000000745c00000, 0x0000000745c00000, 0x0000000745d00000|  0%| F|  |TAMS 0x0000000745c00000, 0x0000000745c00000| Untracked 
|  15|0x0000000745d00000, 0x0000000745d00000, 0x0000000745e00000|  0%| F|  |TAMS 0x0000000745d00000, 0x0000000745d00000| Untracked 
|  16|0x0000000745e00000, 0x0000000745e00000, 0x0000000745f00000|  0%| F|  |TAMS 0x0000000745e00000, 0x0000000745e00000| Untracked 
|  17|0x0000000745f00000, 0x0000000745f00000, 0x0000000746000000|  0%| F|  |TAMS 0x0000000745f00000, 0x0000000745f00000| Untracked 
|  18|0x0000000746000000, 0x0000000746000000, 0x0000000746100000|  0%| F|  |TAMS 0x0000000746000000, 0x0000000746000000| Untracked 
|  19|0x0000000746100000, 0x0000000746100000, 0x0000000746200000|  0%| F|  |TAMS 0x0000000746100000, 0x0000000746100000| Untracked 
|  20|0x0000000746200000, 0x0000000746200000, 0x0000000746300000|  0%| F|  |TAMS 0x0000000746200000, 0x0000000746200000| Untracked 
|  21|0x0000000746300000, 0x0000000746300000, 0x0000000746400000|  0%| F|  |TAMS 0x0000000746300000, 0x0000000746300000| Untracked 
|  22|0x0000000746400000, 0x0000000746400000, 0x0000000746500000|  0%| F|  |TAMS 0x0000000746400000, 0x0000000746400000| Untracked 
|  23|0x0000000746500000, 0x0000000746500000, 0x0000000746600000|  0%| F|  |TAMS 0x0000000746500000, 0x0000000746500000| Untracked 
|  24|0x0000000746600000, 0x0000000746600000, 0x0000000746700000|  0%| F|  |TAMS 0x0000000746600000, 0x0000000746600000| Untracked 
|  25|0x0000000746700000, 0x0000000746700000, 0x0000000746800000|  0%| F|  |TAMS 0x0000000746700000, 0x0000000746700000| Untracked 
|  26|0x0000000746800000, 0x0000000746800000, 0x0000000746900000|  0%| F|  |TAMS 0x0000000746800000, 0x0000000746800000| Untracked 
|  27|0x0000000746900000, 0x0000000746900000, 0x0000000746a00000|  0%| F|  |TAMS 0x0000000746900000, 0x0000000746900000| Untracked 
|  28|0x0000000746a00000, 0x0000000746a00000, 0x0000000746b00000|  0%| F|  |TAMS 0x0000000746a00000, 0x0000000746a00000| Untracked 
|  29|0x0000000746b00000, 0x0000000746b00000, 0x0000000746c00000|  0%| F|  |TAMS 0x0000000746b00000, 0x0000000746b00000| Untracked 
|  30|0x0000000746c00000, 0x0000000746c00000, 0x0000000746d00000|  0%| F|  |TAMS 0x0000000746c00000, 0x0000000746c00000| Untracked 
|  31|0x0000000746d00000, 0x0000000746d00000, 0x0000000746e00000|  0%| F|  |TAMS 0x0000000746d00000, 0x0000000746d00000| Untracked 
|  32|0x0000000746e00000, 0x0000000746e00000, 0x0000000746f00000|  0%| F|  |TAMS 0x0000000746e00000, 0x0000000746e00000| Untracked 
|  33|0x0000000746f00000, 0x0000000746f00000, 0x0000000747000000|  0%| F|  |TAMS 0x0000000746f00000, 0x0000000746f00000| Untracked 
|  34|0x0000000747000000, 0x0000000747000000, 0x0000000747100000|  0%| F|  |TAMS 0x0000000747000000, 0x0000000747000000| Untracked 
|  35|0x0000000747100000, 0x0000000747100000, 0x0000000747200000|  0%| F|  |TAMS 0x0000000747100000, 0x0000000747100000| Untracked 
|  36|0x0000000747200000, 0x0000000747200000, 0x0000000747300000|  0%| F|  |TAMS 0x0000000747200000, 0x0000000747200000| Untracked 
|  37|0x0000000747300000, 0x0000000747300000, 0x0000000747400000|  0%| F|  |TAMS 0x0000000747300000, 0x0000000747300000| Untracked 
|  38|0x0000000747400000, 0x0000000747400000, 0x0000000747500000|  0%| F|  |TAMS 0x0000000747400000, 0x0000000747400000| Untracked 
|  39|0x0000000747500000, 0x0000000747500000, 0x0000000747600000|  0%| F|  |TAMS 0x0000000747500000, 0x0000000747500000| Untracked 
|  40|0x0000000747600000, 0x0000000747600000, 0x0000000747700000|  0%| F|  |TAMS 0x0000000747600000, 0x0000000747600000| Untracked 
|  41|0x0000000747700000, 0x0000000747700000, 0x0000000747800000|  0%| F|  |TAMS 0x0000000747700000, 0x0000000747700000| Untracked 
|  42|0x0000000747800000, 0x0000000747800000, 0x0000000747900000|  0%| F|  |TAMS 0x0000000747800000, 0x0000000747800000| Untracked 
|  43|0x0000000747900000, 0x0000000747900000, 0x0000000747a00000|  0%| F|  |TAMS 0x0000000747900000, 0x0000000747900000| Untracked 
|  44|0x0000000747a00000, 0x0000000747a00000, 0x0000000747b00000|  0%| F|  |TAMS 0x0000000747a00000, 0x0000000747a00000| Untracked 
|  45|0x0000000747b00000, 0x0000000747b00000, 0x0000000747c00000|  0%| F|  |TAMS 0x0000000747b00000, 0x0000000747b00000| Untracked 
|  46|0x0000000747c00000, 0x0000000747c00000, 0x0000000747d00000|  0%| F|  |TAMS 0x0000000747c00000, 0x0000000747c00000| Untracked 
|  47|0x0000000747d00000, 0x0000000747d00000, 0x0000000747e00000|  0%| F|  |TAMS 0x0000000747d00000, 0x0000000747d00000| Untracked 
|  48|0x0000000747e00000, 0x0000000747e00000, 0x0000000747f00000|  0%| F|  |TAMS 0x0000000747e00000, 0x0000000747e00000| Untracked 
|  49|0x0000000747f00000, 0x0000000747f00000, 0x0000000748000000|  0%| F|  |TAMS 0x0000000747f00000, 0x0000000747f00000| Untracked 
|  50|0x0000000748000000, 0x0000000748000000, 0x0000000748100000|  0%| F|  |TAMS 0x0000000748000000, 0x0000000748000000| Untracked 
|  51|0x0000000748100000, 0x0000000748100000, 0x0000000748200000|  0%| F|  |TAMS 0x0000000748100000, 0x0000000748100000| Untracked 
|  52|0x0000000748200000, 0x0000000748200000, 0x0000000748300000|  0%| F|  |TAMS 0x0000000748200000, 0x0000000748200000| Untracked 
|  53|0x0000000748300000, 0x0000000748300000, 0x0000000748400000|  0%| F|  |TAMS 0x0000000748300000, 0x0000000748300000| Untracked 
|  54|0x0000000748400000, 0x0000000748400000, 0x0000000748500000|  0%| F|  |TAMS 0x0000000748400000, 0x0000000748400000| Untracked 
|  55|0x0000000748500000, 0x0000000748500000, 0x0000000748600000|  0%| F|  |TAMS 0x0000000748500000, 0x0000000748500000| Untracked 
|  56|0x0000000748600000, 0x0000000748600000, 0x0000000748700000|  0%| F|  |TAMS 0x0000000748600000, 0x0000000748600000| Untracked 
|  57|0x0000000748700000, 0x0000000748700000, 0x0000000748800000|  0%| F|  |TAMS 0x0000000748700000, 0x0000000748700000| Untracked 
|  58|0x0000000748800000, 0x0000000748800000, 0x0000000748900000|  0%| F|  |TAMS 0x0000000748800000, 0x0000000748800000| Untracked 
|  59|0x0000000748900000, 0x0000000748900000, 0x0000000748a00000|  0%| F|  |TAMS 0x0000000748900000, 0x0000000748900000| Untracked 
|  60|0x0000000748a00000, 0x0000000748a00000, 0x0000000748b00000|  0%| F|  |TAMS 0x0000000748a00000, 0x0000000748a00000| Untracked 
|  61|0x0000000748b00000, 0x0000000748b00000, 0x0000000748c00000|  0%| F|  |TAMS 0x0000000748b00000, 0x0000000748b00000| Untracked 
|  62|0x0000000748c00000, 0x0000000748c00000, 0x0000000748d00000|  0%| F|  |TAMS 0x0000000748c00000, 0x0000000748c00000| Untracked 
|  63|0x0000000748d00000, 0x0000000748d00000, 0x0000000748e00000|  0%| F|  |TAMS 0x0000000748d00000, 0x0000000748d00000| Untracked 
|  64|0x0000000748e00000, 0x0000000748e00000, 0x0000000748f00000|  0%| F|  |TAMS 0x0000000748e00000, 0x0000000748e00000| Untracked 
|  65|0x0000000748f00000, 0x0000000748f00000, 0x0000000749000000|  0%| F|  |TAMS 0x0000000748f00000, 0x0000000748f00000| Untracked 
|  66|0x0000000749000000, 0x0000000749000000, 0x0000000749100000|  0%| F|  |TAMS 0x0000000749000000, 0x0000000749000000| Untracked 
|  67|0x0000000749100000, 0x0000000749100000, 0x0000000749200000|  0%| F|  |TAMS 0x0000000749100000, 0x0000000749100000| Untracked 
|  68|0x0000000749200000, 0x0000000749200000, 0x0000000749300000|  0%| F|  |TAMS 0x0000000749200000, 0x0000000749200000| Untracked 
|  69|0x0000000749300000, 0x0000000749300000, 0x0000000749400000|  0%| F|  |TAMS 0x0000000749300000, 0x0000000749300000| Untracked 
|  70|0x0000000749400000, 0x0000000749400000, 0x0000000749500000|  0%| F|  |TAMS 0x0000000749400000, 0x0000000749400000| Untracked 
|  71|0x0000000749500000, 0x0000000749500000, 0x0000000749600000|  0%| F|  |TAMS 0x0000000749500000, 0x0000000749500000| Untracked 
|  72|0x0000000749600000, 0x0000000749600000, 0x0000000749700000|  0%| F|  |TAMS 0x0000000749600000, 0x0000000749600000| Untracked 
|  73|0x0000000749700000, 0x0000000749700000, 0x0000000749800000|  0%| F|  |TAMS 0x0000000749700000, 0x0000000749700000| Untracked 
|  74|0x0000000749800000, 0x0000000749800000, 0x0000000749900000|  0%| F|  |TAMS 0x0000000749800000, 0x0000000749800000| Untracked 
|  75|0x0000000749900000, 0x0000000749900000, 0x0000000749a00000|  0%| F|  |TAMS 0x0000000749900000, 0x0000000749900000| Untracked 
|  76|0x0000000749a00000, 0x0000000749a00000, 0x0000000749b00000|  0%| F|  |TAMS 0x0000000749a00000, 0x0000000749a00000| Untracked 
|  77|0x0000000749b00000, 0x0000000749b00000, 0x0000000749c00000|  0%| F|  |TAMS 0x0000000749b00000, 0x0000000749b00000| Untracked 
|  78|0x0000000749c00000, 0x0000000749c00000, 0x0000000749d00000|  0%| F|  |TAMS 0x0000000749c00000, 0x0000000749c00000| Untracked 
|  79|0x0000000749d00000, 0x0000000749d00000, 0x0000000749e00000|  0%| F|  |TAMS 0x0000000749d00000, 0x0000000749d00000| Untracked 
|  80|0x0000000749e00000, 0x0000000749e00000, 0x0000000749f00000|  0%| F|  |TAMS 0x0000000749e00000, 0x0000000749e00000| Untracked 
|  81|0x0000000749f00000, 0x0000000749f00000, 0x000000074a000000|  0%| F|  |TAMS 0x0000000749f00000, 0x0000000749f00000| Untracked 
|  82|0x000000074a000000, 0x000000074a000000, 0x000000074a100000|  0%| F|  |TAMS 0x000000074a000000, 0x000000074a000000| Untracked 
|  83|0x000000074a100000, 0x000000074a100000, 0x000000074a200000|  0%| F|  |TAMS 0x000000074a100000, 0x000000074a100000| Untracked 
|  84|0x000000074a200000, 0x000000074a200000, 0x000000074a300000|  0%| F|  |TAMS 0x000000074a200000, 0x000000074a200000| Untracked 
|  85|0x000000074a300000, 0x000000074a300000, 0x000000074a400000|  0%| F|  |TAMS 0x000000074a300000, 0x000000074a300000| Untracked 
|  86|0x000000074a400000, 0x000000074a400000, 0x000000074a500000|  0%| F|  |TAMS 0x000000074a400000, 0x000000074a400000| Untracked 
|  87|0x000000074a500000, 0x000000074a500000, 0x000000074a600000|  0%| F|  |TAMS 0x000000074a500000, 0x000000074a500000| Untracked 
|  88|0x000000074a600000, 0x000000074a600000, 0x000000074a700000|  0%| F|  |TAMS 0x000000074a600000, 0x000000074a600000| Untracked 
|  89|0x000000074a700000, 0x000000074a700000, 0x000000074a800000|  0%| F|  |TAMS 0x000000074a700000, 0x000000074a700000| Untracked 
|  90|0x000000074a800000, 0x000000074a800000, 0x000000074a900000|  0%| F|  |TAMS 0x000000074a800000, 0x000000074a800000| Untracked 
|  91|0x000000074a900000, 0x000000074a900000, 0x000000074aa00000|  0%| F|  |TAMS 0x000000074a900000, 0x000000074a900000| Untracked 
|  92|0x000000074aa00000, 0x000000074aa00000, 0x000000074ab00000|  0%| F|  |TAMS 0x000000074aa00000, 0x000000074aa00000| Untracked 
|  93|0x000000074ab00000, 0x000000074ab00000, 0x000000074ac00000|  0%| F|  |TAMS 0x000000074ab00000, 0x000000074ab00000| Untracked 
|  94|0x000000074ac00000, 0x000000074ac00000, 0x000000074ad00000|  0%| F|  |TAMS 0x000000074ac00000, 0x000000074ac00000| Untracked 
|  95|0x000000074ad00000, 0x000000074ad00000, 0x000000074ae00000|  0%| F|  |TAMS 0x000000074ad00000, 0x000000074ad00000| Untracked 
|  96|0x000000074ae00000, 0x000000074ae00000, 0x000000074af00000|  0%| F|  |TAMS 0x000000074ae00000, 0x000000074ae00000| Untracked 
|  97|0x000000074af00000, 0x000000074af00000, 0x000000074b000000|  0%| F|  |TAMS 0x000000074af00000, 0x000000074af00000| Untracked 
|  98|0x000000074b000000, 0x000000074b000000, 0x000000074b100000|  0%| F|  |TAMS 0x000000074b000000, 0x000000074b000000| Untracked 
|  99|0x000000074b100000, 0x000000074b100000, 0x000000074b200000|  0%| F|  |TAMS 0x000000074b100000, 0x000000074b100000| Untracked 
| 100|0x000000074b200000, 0x000000074b200000, 0x000000074b300000|  0%| F|  |TAMS 0x000000074b200000, 0x000000074b200000| Untracked 
| 101|0x000000074b300000, 0x000000074b300000, 0x000000074b400000|  0%| F|  |TAMS 0x000000074b300000, 0x000000074b300000| Untracked 
| 102|0x000000074b400000, 0x000000074b400000, 0x000000074b500000|  0%| F|  |TAMS 0x000000074b400000, 0x000000074b400000| Untracked 
| 103|0x000000074b500000, 0x000000074b500000, 0x000000074b600000|  0%| F|  |TAMS 0x000000074b500000, 0x000000074b500000| Untracked 
| 104|0x000000074b600000, 0x000000074b600000, 0x000000074b700000|  0%| F|  |TAMS 0x000000074b600000, 0x000000074b600000| Untracked 
| 105|0x000000074b700000, 0x000000074b700000, 0x000000074b800000|  0%| F|  |TAMS 0x000000074b700000, 0x000000074b700000| Untracked 
| 106|0x000000074b800000, 0x000000074b800000, 0x000000074b900000|  0%| F|  |TAMS 0x000000074b800000, 0x000000074b800000| Untracked 
| 107|0x000000074b900000, 0x000000074b900000, 0x000000074ba00000|  0%| F|  |TAMS 0x000000074b900000, 0x000000074b900000| Untracked 
| 108|0x000000074ba00000, 0x000000074ba00000, 0x000000074bb00000|  0%| F|  |TAMS 0x000000074ba00000, 0x000000074ba00000| Untracked 
| 109|0x000000074bb00000, 0x000000074bb00000, 0x000000074bc00000|  0%| F|  |TAMS 0x000000074bb00000, 0x000000074bb00000| Untracked 
| 110|0x000000074bc00000, 0x000000074bc00000, 0x000000074bd00000|  0%| F|  |TAMS 0x000000074bc00000, 0x000000074bc00000| Untracked 
| 111|0x000000074bd00000, 0x000000074bd00000, 0x000000074be00000|  0%| F|  |TAMS 0x000000074bd00000, 0x000000074bd00000| Untracked 
| 112|0x000000074be00000, 0x000000074be00000, 0x000000074bf00000|  0%| F|  |TAMS 0x000000074be00000, 0x000000074be00000| Untracked 
| 113|0x000000074bf00000, 0x000000074bf00000, 0x000000074c000000|  0%| F|  |TAMS 0x000000074bf00000, 0x000000074bf00000| Untracked 
| 114|0x000000074c000000, 0x000000074c000000, 0x000000074c100000|  0%| F|  |TAMS 0x000000074c000000, 0x000000074c000000| Untracked 
| 115|0x000000074c100000, 0x000000074c100000, 0x000000074c200000|  0%| F|  |TAMS 0x000000074c100000, 0x000000074c100000| Untracked 
| 116|0x000000074c200000, 0x000000074c200000, 0x000000074c300000|  0%| F|  |TAMS 0x000000074c200000, 0x000000074c200000| Untracked 
| 117|0x000000074c300000, 0x000000074c300000, 0x000000074c400000|  0%| F|  |TAMS 0x000000074c300000, 0x000000074c300000| Untracked 
| 118|0x000000074c400000, 0x000000074c400000, 0x000000074c500000|  0%| F|  |TAMS 0x000000074c400000, 0x000000074c400000| Untracked 
| 119|0x000000074c500000, 0x000000074c500000, 0x000000074c600000|  0%| F|  |TAMS 0x000000074c500000, 0x000000074c500000| Untracked 
| 120|0x000000074c600000, 0x000000074c600000, 0x000000074c700000|  0%| F|  |TAMS 0x000000074c600000, 0x000000074c600000| Untracked 
| 121|0x000000074c700000, 0x000000074c700000, 0x000000074c800000|  0%| F|  |TAMS 0x000000074c700000, 0x000000074c700000| Untracked 
| 122|0x000000074c800000, 0x000000074c800000, 0x000000074c900000|  0%| F|  |TAMS 0x000000074c800000, 0x000000074c800000| Untracked 
| 123|0x000000074c900000, 0x000000074c900000, 0x000000074ca00000|  0%| F|  |TAMS 0x000000074c900000, 0x000000074c900000| Untracked 
| 124|0x000000074ca00000, 0x000000074ca00000, 0x000000074cb00000|  0%| F|  |TAMS 0x000000074ca00000, 0x000000074ca00000| Untracked 
| 125|0x000000074cb00000, 0x000000074cb00000, 0x000000074cc00000|  0%| F|  |TAMS 0x000000074cb00000, 0x000000074cb00000| Untracked 
| 126|0x000000074cc00000, 0x000000074cc00000, 0x000000074cd00000|  0%| F|  |TAMS 0x000000074cc00000, 0x000000074cc00000| Untracked 
| 127|0x000000074cd00000, 0x000000074cd00000, 0x000000074ce00000|  0%| F|  |TAMS 0x000000074cd00000, 0x000000074cd00000| Untracked 
| 128|0x000000074ce00000, 0x000000074ce00000, 0x000000074cf00000|  0%| F|  |TAMS 0x000000074ce00000, 0x000000074ce00000| Untracked 
| 129|0x000000074cf00000, 0x000000074cf00000, 0x000000074d000000|  0%| F|  |TAMS 0x000000074cf00000, 0x000000074cf00000| Untracked 
| 130|0x000000074d000000, 0x000000074d000000, 0x000000074d100000|  0%| F|  |TAMS 0x000000074d000000, 0x000000074d000000| Untracked 
| 131|0x000000074d100000, 0x000000074d100000, 0x000000074d200000|  0%| F|  |TAMS 0x000000074d100000, 0x000000074d100000| Untracked 
| 132|0x000000074d200000, 0x000000074d200000, 0x000000074d300000|  0%| F|  |TAMS 0x000000074d200000, 0x000000074d200000| Untracked 
| 133|0x000000074d300000, 0x000000074d300000, 0x000000074d400000|  0%| F|  |TAMS 0x000000074d300000, 0x000000074d300000| Untracked 
| 134|0x000000074d400000, 0x000000074d400000, 0x000000074d500000|  0%| F|  |TAMS 0x000000074d400000, 0x000000074d400000| Untracked 
| 135|0x000000074d500000, 0x000000074d500000, 0x000000074d600000|  0%| F|  |TAMS 0x000000074d500000, 0x000000074d500000| Untracked 
| 136|0x000000074d600000, 0x000000074d600000, 0x000000074d700000|  0%| F|  |TAMS 0x000000074d600000, 0x000000074d600000| Untracked 
| 137|0x000000074d700000, 0x000000074d700000, 0x000000074d800000|  0%| F|  |TAMS 0x000000074d700000, 0x000000074d700000| Untracked 
| 138|0x000000074d800000, 0x000000074d800000, 0x000000074d900000|  0%| F|  |TAMS 0x000000074d800000, 0x000000074d800000| Untracked 
| 139|0x000000074d900000, 0x000000074d900000, 0x000000074da00000|  0%| F|  |TAMS 0x000000074d900000, 0x000000074d900000| Untracked 
| 140|0x000000074da00000, 0x000000074da00000, 0x000000074db00000|  0%| F|  |TAMS 0x000000074da00000, 0x000000074da00000| Untracked 
| 141|0x000000074db00000, 0x000000074db00000, 0x000000074dc00000|  0%| F|  |TAMS 0x000000074db00000, 0x000000074db00000| Untracked 
| 142|0x000000074dc00000, 0x000000074dc00000, 0x000000074dd00000|  0%| F|  |TAMS 0x000000074dc00000, 0x000000074dc00000| Untracked 
| 143|0x000000074dd00000, 0x000000074dd00000, 0x000000074de00000|  0%| F|  |TAMS 0x000000074dd00000, 0x000000074dd00000| Untracked 
| 144|0x000000074de00000, 0x000000074de00000, 0x000000074df00000|  0%| F|  |TAMS 0x000000074de00000, 0x000000074de00000| Untracked 
| 145|0x000000074df00000, 0x000000074df00000, 0x000000074e000000|  0%| F|  |TAMS 0x000000074df00000, 0x000000074df00000| Untracked 
| 146|0x000000074e000000, 0x000000074e000000, 0x000000074e100000|  0%| F|  |TAMS 0x000000074e000000, 0x000000074e000000| Untracked 
| 147|0x000000074e100000, 0x000000074e100000, 0x000000074e200000|  0%| F|  |TAMS 0x000000074e100000, 0x000000074e100000| Untracked 
| 148|0x000000074e200000, 0x000000074e200000, 0x000000074e300000|  0%| F|  |TAMS 0x000000074e200000, 0x000000074e200000| Untracked 
| 149|0x000000074e300000, 0x000000074e300000, 0x000000074e400000|  0%| F|  |TAMS 0x000000074e300000, 0x000000074e300000| Untracked 
| 150|0x000000074e400000, 0x000000074e400000, 0x000000074e500000|  0%| F|  |TAMS 0x000000074e400000, 0x000000074e400000| Untracked 
| 151|0x000000074e500000, 0x000000074e500000, 0x000000074e600000|  0%| F|  |TAMS 0x000000074e500000, 0x000000074e500000| Untracked 
| 152|0x000000074e600000, 0x000000074e600000, 0x000000074e700000|  0%| F|  |TAMS 0x000000074e600000, 0x000000074e600000| Untracked 
| 153|0x000000074e700000, 0x000000074e700000, 0x000000074e800000|  0%| F|  |TAMS 0x000000074e700000, 0x000000074e700000| Untracked 
| 154|0x000000074e800000, 0x000000074e800000, 0x000000074e900000|  0%| F|  |TAMS 0x000000074e800000, 0x000000074e800000| Untracked 
| 155|0x000000074e900000, 0x000000074e900000, 0x000000074ea00000|  0%| F|  |TAMS 0x000000074e900000, 0x000000074e900000| Untracked 
| 156|0x000000074ea00000, 0x000000074ea00000, 0x000000074eb00000|  0%| F|  |TAMS 0x000000074ea00000, 0x000000074ea00000| Untracked 
| 157|0x000000074eb00000, 0x000000074eb00000, 0x000000074ec00000|  0%| F|  |TAMS 0x000000074eb00000, 0x000000074eb00000| Untracked 
| 158|0x000000074ec00000, 0x000000074ec00000, 0x000000074ed00000|  0%| F|  |TAMS 0x000000074ec00000, 0x000000074ec00000| Untracked 
| 159|0x000000074ed00000, 0x000000074ed00000, 0x000000074ee00000|  0%| F|  |TAMS 0x000000074ed00000, 0x000000074ed00000| Untracked 
| 160|0x000000074ee00000, 0x000000074ee00000, 0x000000074ef00000|  0%| F|  |TAMS 0x000000074ee00000, 0x000000074ee00000| Untracked 
| 161|0x000000074ef00000, 0x000000074ef00000, 0x000000074f000000|  0%| F|  |TAMS 0x000000074ef00000, 0x000000074ef00000| Untracked 
| 162|0x000000074f000000, 0x000000074f000000, 0x000000074f100000|  0%| F|  |TAMS 0x000000074f000000, 0x000000074f000000| Untracked 
| 163|0x000000074f100000, 0x000000074f100000, 0x000000074f200000|  0%| F|  |TAMS 0x000000074f100000, 0x000000074f100000| Untracked 
| 164|0x000000074f200000, 0x000000074f200000, 0x000000074f300000|  0%| F|  |TAMS 0x000000074f200000, 0x000000074f200000| Untracked 
| 165|0x000000074f300000, 0x000000074f300000, 0x000000074f400000|  0%| F|  |TAMS 0x000000074f300000, 0x000000074f300000| Untracked 
| 166|0x000000074f400000, 0x000000074f400000, 0x000000074f500000|  0%| F|  |TAMS 0x000000074f400000, 0x000000074f400000| Untracked 
| 167|0x000000074f500000, 0x000000074f500000, 0x000000074f600000|  0%| F|  |TAMS 0x000000074f500000, 0x000000074f500000| Untracked 
| 168|0x000000074f600000, 0x000000074f600000, 0x000000074f700000|  0%| F|  |TAMS 0x000000074f600000, 0x000000074f600000| Untracked 
| 169|0x000000074f700000, 0x000000074f700000, 0x000000074f800000|  0%| F|  |TAMS 0x000000074f700000, 0x000000074f700000| Untracked 
| 170|0x000000074f800000, 0x000000074f800000, 0x000000074f900000|  0%| F|  |TAMS 0x000000074f800000, 0x000000074f800000| Untracked 
| 171|0x000000074f900000, 0x000000074f97b670, 0x000000074fa00000| 48%| E|  |TAMS 0x000000074f900000, 0x000000074f900000| Complete 
| 172|0x000000074fa00000, 0x000000074fb00000, 0x000000074fb00000|100%| E|CS|TAMS 0x000000074fa00000, 0x000000074fa00000| Complete 
| 173|0x000000074fb00000, 0x000000074fc00000, 0x000000074fc00000|100%| E|CS|TAMS 0x000000074fb00000, 0x000000074fb00000| Complete 
| 174|0x000000074fc00000, 0x000000074fd00000, 0x000000074fd00000|100%| E|CS|TAMS 0x000000074fc00000, 0x000000074fc00000| Complete 
| 175|0x000000074fd00000, 0x000000074fe00000, 0x000000074fe00000|100%| E|  |TAMS 0x000000074fd00000, 0x000000074fd00000| Complete 
| 176|0x000000074fe00000, 0x000000074ff00000, 0x000000074ff00000|100%| E|CS|TAMS 0x000000074fe00000, 0x000000074fe00000| Complete 
| 177|0x000000074ff00000, 0x0000000750000000, 0x0000000750000000|100%| E|CS|TAMS 0x000000074ff00000, 0x000000074ff00000| Complete 
| 178|0x0000000750000000, 0x0000000750100000, 0x0000000750100000|100%| E|CS|TAMS 0x0000000750000000, 0x0000000750000000| Complete 
| 179|0x0000000750100000, 0x0000000750200000, 0x0000000750200000|100%| E|CS|TAMS 0x0000000750100000, 0x0000000750100000| Complete 
| 180|0x0000000750200000, 0x0000000750300000, 0x0000000750300000|100%| E|CS|TAMS 0x0000000750200000, 0x0000000750200000| Complete 
| 181|0x0000000750300000, 0x0000000750400000, 0x0000000750400000|100%| E|CS|TAMS 0x0000000750300000, 0x0000000750300000| Complete 
| 182|0x0000000750400000, 0x0000000750500000, 0x0000000750500000|100%| E|CS|TAMS 0x0000000750400000, 0x0000000750400000| Complete 
| 183|0x0000000750500000, 0x0000000750600000, 0x0000000750600000|100%| E|CS|TAMS 0x0000000750500000, 0x0000000750500000| Complete 
| 184|0x0000000750600000, 0x0000000750700000, 0x0000000750700000|100%| E|CS|TAMS 0x0000000750600000, 0x0000000750600000| Complete 
| 185|0x0000000750700000, 0x0000000750800000, 0x0000000750800000|100%| E|CS|TAMS 0x0000000750700000, 0x0000000750700000| Complete 
| 186|0x0000000750800000, 0x0000000750900000, 0x0000000750900000|100%| E|CS|TAMS 0x0000000750800000, 0x0000000750800000| Complete 
| 187|0x0000000750900000, 0x0000000750a00000, 0x0000000750a00000|100%| E|CS|TAMS 0x0000000750900000, 0x0000000750900000| Complete 

Card table byte_map: [0x0000013c4a8b0000,0x0000013c4ae90000] _byte_map_base: 0x0000013c46e89000

Marking Bits (Prev, Next): (CMBitMap*) 0x0000013c30a7af38, (CMBitMap*) 0x0000013c30a7af70
 Prev Bits: [0x0000013c4b470000, 0x0000013c4e338000)
 Next Bits: [0x0000013c4e340000, 0x0000013c51208000)

Polling page: 0x0000013c30b10000

Metaspace:

Usage:
  Non-class:     12.20 MB capacity,    12.05 MB ( 99%) used,   125.05 KB (  1%) free+waste,    27.44 KB ( <1%) overhead. 
      Class:      1.08 MB capacity,   987.73 KB ( 90%) used,    99.95 KB (  9%) free+waste,    13.31 KB (  1%) overhead. 
       Both:     13.27 MB capacity,    13.01 MB ( 98%) used,   225.01 KB (  2%) free+waste,    40.75 KB ( <1%) overhead. 

Virtual space:
  Non-class space:       14.00 MB reserved,      12.25 MB ( 88%) committed 
      Class space:        1.00 GB reserved,       1.13 MB ( <1%) committed 
             Both:        1.01 GB reserved,      13.38 MB (  1%) committed 

Chunk freelists:
   Non-Class:  54.00 KB
       Class:  0 bytes
        Both:  54.00 KB

MaxMetaspaceSize: 17179869184.00 GB
CompressedClassSpaceSize: 1.00 GB

CodeHeap 'non-profiled nmethods': size=120000Kb used=287Kb max_used=287Kb free=119712Kb
 bounds [0x0000013c42330000, 0x0000013c425a0000, 0x0000013c49860000]
CodeHeap 'profiled nmethods': size=120000Kb used=1725Kb max_used=1725Kb free=118274Kb
 bounds [0x0000013c3ae00000, 0x0000013c3b070000, 0x0000013c42330000]
CodeHeap 'non-nmethods': size=5760Kb used=1635Kb max_used=1658Kb free=4124Kb
 bounds [0x0000013c3a860000, 0x0000013c3aad0000, 0x0000013c3ae00000]
 total_blobs=2626 nmethods=960 adapters=1123
 compilation: enabled
              stopped_count=0, restarted_count=0
 full_count=0

Compilation events (20 events):
Event: 1.547 Thread 0x0000013c545e2800 nmethod 948 0x0000013c3afa6b90 code [0x0000013c3afa6f60, 0x0000013c3afa8720]
Event: 1.547 Thread 0x0000013c545e2800  949       3       java.lang.invoke.MethodTypeForm::cachedLambdaForm (44 bytes)
Event: 1.547 Thread 0x0000013c545e2800 nmethod 949 0x0000013c3afa9390 code [0x0000013c3afa9560, 0x0000013c3afa9930]
Event: 1.548 Thread 0x0000013c545e2800  954       3       java.lang.invoke.MethodHandles$Lookup::isClassAccessible (32 bytes)
Event: 1.548 Thread 0x0000013c545df000 nmethod 900 0x0000013c42376c90 code [0x0000013c42376e20, 0x0000013c42377118]
Event: 1.548 Thread 0x0000013c545df000  915       4       java.lang.String::indexOf (7 bytes)
Event: 1.548 Thread 0x0000013c545e2800 nmethod 954 0x0000013c3afa9a90 code [0x0000013c3afa9c80, 0x0000013c3afaa0e0]
Event: 1.548 Thread 0x0000013c545e2800  955       1       java.lang.invoke.ClassSpecializer$SpeciesData::getterFunctions (5 bytes)
Event: 1.548 Thread 0x0000013c545e2800 nmethod 955 0x0000013c42377290 code [0x0000013c42377440, 0x0000013c42377558]
Event: 1.549 Thread 0x0000013c545e2800  957       3       java.lang.invoke.MethodTypeForm::<init> (687 bytes)
Event: 1.551 Thread 0x0000013c545e2800 nmethod 957 0x0000013c3afaa210 code [0x0000013c3afaa5e0, 0x0000013c3afacbb0]
Event: 1.551 Thread 0x0000013c545e2800  959       3       java.lang.invoke.MethodHandles$Lookup::checkSymbolicClass (24 bytes)
Event: 1.551 Thread 0x0000013c545df000 nmethod 915 0x0000013c42377a10 code [0x0000013c42377ba0, 0x0000013c42377db8]
Event: 1.551 Thread 0x0000013c545df000  962       4       java.lang.invoke.LambdaForm$Name::useCount (42 bytes)
Event: 1.552 Thread 0x0000013c545e2800 nmethod 959 0x0000013c3afad790 code [0x0000013c3afada60, 0x0000013c3afae680]
Event: 1.552 Thread 0x0000013c545e2800  964       3       sun.nio.cs.SingleByte$Encoder::encode (32 bytes)
Event: 1.552 Thread 0x0000013c545e2800 nmethod 964 0x0000013c3afaeb10 code [0x0000013c3afaecc0, 0x0000013c3afaeed8]
Event: 1.552 Thread 0x0000013c545e2800  963       3       java.util.Collections$UnmodifiableCollection$1::next (10 bytes)
Event: 1.552 Thread 0x0000013c545e2800 nmethod 963 0x0000013c3afaf010 code [0x0000013c3afaf1e0, 0x0000013c3afaf410]
Event: 1.552 Thread 0x0000013c545e2800  960       3       java.lang.invoke.BoundMethodHandle$Specializer$Factory::chooseFieldName (25 bytes)

GC Heap History (0 events):
No events

Deoptimization events (18 events):
Event: 0.097 Thread 0x0000013c30a2a000 Uncommon trap: trap_request=0xffffff4d fr.pc=0x0000013c42331494 relative=0x0000000000000074
Event: 0.097 Thread 0x0000013c30a2a000 Uncommon trap: reason=unstable_if action=reinterpret pc=0x0000013c42331494 method=java.lang.String.isLatin1()Z @ 10 c2
Event: 0.097 Thread 0x0000013c30a2a000 DEOPT PACKING pc=0x0000013c42331494 sp=0x00000003168fed40
Event: 0.097 Thread 0x0000013c30a2a000 DEOPT UNPACKING pc=0x0000013c3a86822f sp=0x00000003168fec80 mode 2
Event: 0.098 Thread 0x0000013c30a2a000 Uncommon trap: trap_request=0xffffff4d fr.pc=0x0000013c42334ea0 relative=0x0000000000000200
Event: 0.098 Thread 0x0000013c30a2a000 Uncommon trap: reason=unstable_if action=reinterpret pc=0x0000013c42334ea0 method=java.lang.String.hashCode()I @ 14 c2
Event: 0.098 Thread 0x0000013c30a2a000 DEOPT PACKING pc=0x0000013c42334ea0 sp=0x00000003168fd580
Event: 0.099 Thread 0x0000013c30a2a000 DEOPT UNPACKING pc=0x0000013c3a86822f sp=0x00000003168fd518 mode 2
Event: 0.822 Thread 0x0000013c30a2a000 DEOPT PACKING pc=0x0000013c3ae37868 sp=0x00000003168fdf90
Event: 0.822 Thread 0x0000013c30a2a000 DEOPT UNPACKING pc=0x0000013c3a88a75e sp=0x00000003168fd3e8 mode 0
Event: 0.935 Thread 0x0000013c30a2a000 Uncommon trap: trap_request=0xffffff5c fr.pc=0x0000013c4235d000 relative=0x0000000000000060
Event: 0.935 Thread 0x0000013c30a2a000 Uncommon trap: reason=speculate_null_assert action=make_not_entrant pc=0x0000013c4235d000 method=sun.misc.Unsafe.putLong(Ljava/lang/Object;JJ)V @ 7 c2
Event: 0.935 Thread 0x0000013c30a2a000 DEOPT PACKING pc=0x0000013c4235d000 sp=0x00000003168fed90
Event: 0.935 Thread 0x0000013c30a2a000 DEOPT UNPACKING pc=0x0000013c3a86822f sp=0x00000003168fed08 mode 2
Event: 1.107 Thread 0x0000013c30a2a000 DEOPT PACKING pc=0x0000013c3aed0fc2 sp=0x00000003168fc430
Event: 1.107 Thread 0x0000013c30a2a000 DEOPT UNPACKING pc=0x0000013c3a88a75e sp=0x00000003168fb898 mode 0
Event: 1.389 Thread 0x0000013c30a2a000 DEOPT PACKING pc=0x0000013c3ae35af0 sp=0x00000003168fd840
Event: 1.389 Thread 0x0000013c30a2a000 DEOPT UNPACKING pc=0x0000013c3a88a75e sp=0x00000003168fccc8 mode 0

Classes redefined (0 events):
No events

Internal exceptions (20 events):
Event: 0.633 Thread 0x0000013c30a2a000 Exception <a 'java/lang/NoSuchMethodError'{0x0000000750415000}: 'int java.lang.invoke.DirectMethodHandle$Holder.invokeStaticInit(java.lang.Object, java.lang.Object, long, long)'> (0x0000000750415000) thrown at [c:/cygwin64/tmp/openjdk-jdk11u-windows-x64-h
Event: 0.636 Thread 0x0000013c30a2a000 Exception <a 'java/lang/NoSuchMethodError'{0x0000000750420760}: 'java.lang.Object java.lang.invoke.Invokers$Holder.linkToTargetMethod(java.lang.Object, long, java.lang.Object)'> (0x0000000750420760) thrown at [c:/cygwin64/tmp/openjdk-jdk11u-windows-x64-ho
Event: 0.637 Thread 0x0000013c30a2a000 Exception <a 'java/lang/NoSuchMethodError'{0x0000000750426950}: 'int java.lang.invoke.DirectMethodHandle$Holder.invokeStaticInit(java.lang.Object, java.lang.Object, java.lang.Object, long)'> (0x0000000750426950) thrown at [c:/cygwin64/tmp/openjdk-jdk11u-w
Event: 0.698 Thread 0x0000013c30a2a000 Exception <a 'sun/nio/fs/WindowsException'{0x00000007504e05c0}> (0x00000007504e05c0) thrown at [c:/cygwin64/tmp/openjdk-jdk11u-windows-x64-hotspot/workspace/build/src/src/hotspot/share/prims/jni.cpp, line 615]
Event: 0.698 Thread 0x0000013c30a2a000 Exception <a 'sun/nio/fs/WindowsException'{0x00000007504e0930}> (0x00000007504e0930) thrown at [c:/cygwin64/tmp/openjdk-jdk11u-windows-x64-hotspot/workspace/build/src/src/hotspot/share/prims/jni.cpp, line 615]
Event: 0.819 Thread 0x0000013c30a2a000 Exception <a 'java/lang/NoSuchMethodError'{0x0000000750333038}: 'void java.lang.invoke.DirectMethodHandle$Holder.invokeStaticInit(java.lang.Object, long, double, double)'> (0x0000000750333038) thrown at [c:/cygwin64/tmp/openjdk-jdk11u-windows-x64-hotspot/
Event: 0.824 Thread 0x0000013c30a2a000 Exception <a 'java/lang/NoSuchMethodError'{0x00000007503414e8}: 'void java.lang.invoke.DirectMethodHandle$Holder.invokeStaticInit(java.lang.Object, long, int, int, int)'> (0x00000007503414e8) thrown at [c:/cygwin64/tmp/openjdk-jdk11u-windows-x64-hotspot/w
Event: 0.831 Thread 0x0000013c30a2a000 Exception <a 'java/lang/NoSuchMethodError'{0x0000000750354ce0}: 'void java.lang.invoke.DirectMethodHandle$Holder.invokeStaticInit(java.lang.Object, long, int, int, int, int)'> (0x0000000750354ce0) thrown at [c:/cygwin64/tmp/openjdk-jdk11u-windows-x64-hots
Event: 0.874 Thread 0x0000013c30a2a000 Exception <a 'sun/nio/fs/WindowsException'{0x0000000750385d08}> (0x0000000750385d08) thrown at [c:/cygwin64/tmp/openjdk-jdk11u-windows-x64-hotspot/workspace/build/src/src/hotspot/share/prims/jni.cpp, line 615]
Event: 0.875 Thread 0x0000013c30a2a000 Exception <a 'sun/nio/fs/WindowsException'{0x00000007503860b8}> (0x00000007503860b8) thrown at [c:/cygwin64/tmp/openjdk-jdk11u-windows-x64-hotspot/workspace/build/src/src/hotspot/share/prims/jni.cpp, line 615]
Event: 0.881 Thread 0x0000013c30a2a000 Exception <a 'sun/nio/fs/WindowsException'{0x0000000750399a38}> (0x0000000750399a38) thrown at [c:/cygwin64/tmp/openjdk-jdk11u-windows-x64-hotspot/workspace/build/src/src/hotspot/share/prims/jni.cpp, line 615]
Event: 0.881 Thread 0x0000013c30a2a000 Exception <a 'sun/nio/fs/WindowsException'{0x0000000750399d20}> (0x0000000750399d20) thrown at [c:/cygwin64/tmp/openjdk-jdk11u-windows-x64-hotspot/workspace/build/src/src/hotspot/share/prims/jni.cpp, line 615]
Event: 1.076 Thread 0x0000013c30a2a000 Exception <a 'sun/nio/fs/WindowsException'{0x00000007501e64a0}> (0x00000007501e64a0) thrown at [c:/cygwin64/tmp/openjdk-jdk11u-windows-x64-hotspot/workspace/build/src/src/hotspot/share/prims/jni.cpp, line 615]
Event: 1.076 Thread 0x0000013c30a2a000 Exception <a 'sun/nio/fs/WindowsException'{0x00000007501e6828}> (0x00000007501e6828) thrown at [c:/cygwin64/tmp/openjdk-jdk11u-windows-x64-hotspot/workspace/build/src/src/hotspot/share/prims/jni.cpp, line 615]
Event: 1.181 Thread 0x0000013c30a2a000 Exception <a 'java/lang/NoSuchMethodError'{0x000000074ffddf18}: 'int java.lang.invoke.DirectMethodHandle$Holder.invokeSpecial(java.lang.Object, java.lang.Object, int, long)'> (0x000000074ffddf18) thrown at [c:/cygwin64/tmp/openjdk-jdk11u-windows-x64-hotsp
Event: 1.187 Thread 0x0000013c30a2a000 Exception <a 'java/lang/NoSuchMethodError'{0x000000074fff68f8}: 'java.lang.Object java.lang.invoke.DirectMethodHandle$Holder.invokeSpecial(java.lang.Object, java.lang.Object, long)'> (0x000000074fff68f8) thrown at [c:/cygwin64/tmp/openjdk-jdk11u-windows-x
Event: 1.222 Thread 0x0000013c30a2a000 Exception <a 'sun/nio/fs/WindowsException'{0x000000074fecc2a8}> (0x000000074fecc2a8) thrown at [c:/cygwin64/tmp/openjdk-jdk11u-windows-x64-hotspot/workspace/build/src/src/hotspot/share/prims/jni.cpp, line 615]
Event: 1.546 Thread 0x0000013c30a2a000 Exception <a 'java/lang/NoSuchMethodError'{0x000000074fae3278}: 'java.lang.Object java.lang.invoke.DirectMethodHandle$Holder.invokeStatic(java.lang.Object, java.lang.Object, java.lang.Object, java.lang.Object, java.lang.Object, java.lang.Object, java.lang
Event: 1.547 Thread 0x0000013c30a2a000 Exception <a 'java/lang/NoSuchMethodError'{0x000000074faefac0}: 'java.lang.Object java.lang.invoke.DirectMethodHandle$Holder.invokeStatic(java.lang.Object, java.lang.Object, java.lang.Object, java.lang.Object, java.lang.Object, java.lang.Object, java.lang
Event: 1.549 Thread 0x0000013c30a2a000 Exception <a 'java/lang/NoSuchMethodError'{0x000000074fafc668}: 'java.lang.Object java.lang.invoke.DirectMethodHandle$Holder.invokeStatic(java.lang.Object, java.lang.Object, java.lang.Object, java.lang.Object, java.lang.Object, java.lang.Object, java.lang

Events (20 events):
Event: 1.534 loading class org/joml/Math done
Event: 1.546 loading class java/lang/invoke/BoundMethodHandle$Species_LLLLLLLLLLI
Event: 1.546 loading class java/lang/invoke/BoundMethodHandle$Species_LLLLLLLLLLI done
Event: 1.547 loading class java/lang/invoke/BoundMethodHandle$Species_LLLLLLLLLLII
Event: 1.547 loading class java/lang/invoke/BoundMethodHandle$Species_LLLLLLLLLLII done
Event: 1.549 loading class java/lang/invoke/BoundMethodHandle$Species_LLLLLLLLLLIIL
Event: 1.549 loading class java/lang/invoke/BoundMethodHandle$Species_LLLLLLLLLLIIL done
Event: 1.550 loading class java/lang/Throwable$WrappedPrintStream
Event: 1.550 loading class java/lang/Throwable$PrintStreamOrWriter
Event: 1.550 loading class java/lang/Throwable$PrintStreamOrWriter done
Event: 1.550 loading class java/lang/Throwable$WrappedPrintStream done
Event: 1.551 loading class java/lang/StackTraceElement$HashedModules
Event: 1.551 loading class java/lang/StackTraceElement$HashedModules done
Event: 1.551 loading class java/util/LinkedHashMap$LinkedKeySet
Event: 1.551 loading class java/util/LinkedHashMap$LinkedKeySet done
Event: 1.551 loading class java/util/LinkedHashMap$LinkedKeyIterator
Event: 1.551 loading class java/util/LinkedHashMap$LinkedHashIterator
Event: 1.551 loading class java/util/LinkedHashMap$LinkedHashIterator done
Event: 1.551 loading class java/util/LinkedHashMap$LinkedKeyIterator done
Event: 1.553 Executing VM operation: Exit


Dynamic libraries:
0x00007ff63a4d0000 - 0x00007ff63a4dd000 	C:\Users\jerms\AppData\Local\Programs\AdoptOpenJDK\bin\java.exe
0x00007ffd6e5f0000 - 0x00007ffd6e7e5000 	C:\WINDOWS\SYSTEM32\ntdll.dll
0x00007ffd6c640000 - 0x00007ffd6c6fe000 	C:\WINDOWS\System32\KERNEL32.DLL
0x00007ffd6c060000 - 0x00007ffd6c328000 	C:\WINDOWS\System32\KERNELBASE.dll
0x00007ffd6bd00000 - 0x00007ffd6be00000 	C:\WINDOWS\System32\ucrtbase.dll
0x00007ffd540e0000 - 0x00007ffd540f7000 	C:\Users\jerms\AppData\Local\Programs\AdoptOpenJDK\bin\jli.dll
0x00007ffd540c0000 - 0x00007ffd540d6000 	C:\Users\jerms\AppData\Local\Programs\AdoptOpenJDK\bin\VCRUNTIME140.dll
0x00007ffd6e010000 - 0x00007ffd6e1b1000 	C:\WINDOWS\System32\USER32.dll
0x00007ffd6bea0000 - 0x00007ffd6bec2000 	C:\WINDOWS\System32\win32u.dll
0x00007ffd4d620000 - 0x00007ffd4d8ba000 	C:\WINDOWS\WinSxS\amd64_microsoft.windows.common-controls_6595b64144ccf1df_6.0.19041.1110_none_60b5254171f9507e\COMCTL32.dll
0x00007ffd6dc50000 - 0x00007ffd6dc7b000 	C:\WINDOWS\System32\GDI32.dll
0x00007ffd6c490000 - 0x00007ffd6c59d000 	C:\WINDOWS\System32\gdi32full.dll
0x00007ffd6be00000 - 0x00007ffd6be9d000 	C:\WINDOWS\System32\msvcp_win.dll
0x00007ffd6e510000 - 0x00007ffd6e5ae000 	C:\WINDOWS\System32\msvcrt.dll
0x00007ffd6dbc0000 - 0x00007ffd6dbf0000 	C:\WINDOWS\System32\IMM32.DLL
0x00007ffd301f0000 - 0x00007ffd3028b000 	C:\Users\jerms\AppData\Local\Programs\AdoptOpenJDK\bin\msvcp140.dll
0x00007ffd15880000 - 0x00007ffd1633c000 	C:\Users\jerms\AppData\Local\Programs\AdoptOpenJDK\bin\server\jvm.dll
0x00007ffd6dce0000 - 0x00007ffd6dd8e000 	C:\WINDOWS\System32\ADVAPI32.dll
0x00007ffd6e2f0000 - 0x00007ffd6e38c000 	C:\WINDOWS\System32\sechost.dll
0x00007ffd6d730000 - 0x00007ffd6d855000 	C:\WINDOWS\System32\RPCRT4.dll
0x00007ffd6d720000 - 0x00007ffd6d728000 	C:\WINDOWS\System32\PSAPI.DLL
0x00007ffd4b830000 - 0x00007ffd4b839000 	C:\WINDOWS\SYSTEM32\WSOCK32.dll
0x00007ffd4de30000 - 0x00007ffd4de57000 	C:\WINDOWS\SYSTEM32\WINMM.dll
0x00007ffd652d0000 - 0x00007ffd652da000 	C:\WINDOWS\SYSTEM32\VERSION.dll
0x00007ffd6dfa0000 - 0x00007ffd6e00b000 	C:\WINDOWS\System32\WS2_32.dll
0x00007ffd6a540000 - 0x00007ffd6a552000 	C:\WINDOWS\SYSTEM32\kernel.appcore.dll
0x00007ffd68380000 - 0x00007ffd68390000 	C:\Users\jerms\AppData\Local\Programs\AdoptOpenJDK\bin\verify.dll
0x00007ffd69b80000 - 0x00007ffd69d64000 	C:\WINDOWS\SYSTEM32\DBGHELP.DLL
0x00007ffd52a70000 - 0x00007ffd52a9c000 	C:\WINDOWS\SYSTEM32\dbgcore.DLL
0x00007ffd6c5a0000 - 0x00007ffd6c622000 	C:\WINDOWS\System32\bcryptPrimitives.dll
0x00007ffd54090000 - 0x00007ffd540b8000 	C:\Users\jerms\AppData\Local\Programs\AdoptOpenJDK\bin\java.dll
0x00007ffd54020000 - 0x00007ffd54037000 	C:\Users\jerms\AppData\Local\Programs\AdoptOpenJDK\bin\zip.dll
0x00007ffd63240000 - 0x00007ffd6324a000 	C:\Users\jerms\AppData\Local\Programs\AdoptOpenJDK\bin\jimage.dll
0x00007ffd6cce0000 - 0x00007ffd6d424000 	C:\WINDOWS\System32\SHELL32.dll
0x00007ffd69d90000 - 0x00007ffd6a525000 	C:\WINDOWS\SYSTEM32\windows.storage.dll
0x00007ffd6d860000 - 0x00007ffd6dbb5000 	C:\WINDOWS\System32\combase.dll
0x00007ffd6b750000 - 0x00007ffd6b77e000 	C:\WINDOWS\SYSTEM32\Wldp.dll
0x00007ffd6e390000 - 0x00007ffd6e43d000 	C:\WINDOWS\System32\SHCORE.dll
0x00007ffd6deb0000 - 0x00007ffd6df05000 	C:\WINDOWS\System32\shlwapi.dll
0x00007ffd6bc40000 - 0x00007ffd6bc5f000 	C:\WINDOWS\SYSTEM32\profapi.dll
0x00007ffd450f0000 - 0x00007ffd45109000 	C:\Users\jerms\AppData\Local\Programs\AdoptOpenJDK\bin\net.dll
0x00007ffd63960000 - 0x00007ffd63a6c000 	C:\WINDOWS\SYSTEM32\WINHTTP.dll
0x00007ffd6b4b0000 - 0x00007ffd6b51a000 	C:\WINDOWS\system32\mswsock.dll
0x00007ffd443c0000 - 0x00007ffd443d2000 	C:\Users\jerms\AppData\Local\Programs\AdoptOpenJDK\bin\nio.dll
0x00007ffd303d0000 - 0x00007ffd30441000 	C:\Users\jerms\AppData\Local\Temp\lwjgljerms\3.3.0-SNAPSHOT\lwjgl.dll
0x00007ffd2ff80000 - 0x00007ffd2ffe1000 	C:\Users\jerms\AppData\Local\Temp\lwjgljerms\3.3.0-SNAPSHOT\glfw.dll
0x00007ffd31670000 - 0x00007ffd316b5000 	C:\WINDOWS\SYSTEM32\dinput8.dll
0x00007ffd44340000 - 0x00007ffd44351000 	C:\WINDOWS\SYSTEM32\xinput1_4.dll
0x00007ffd6c3e0000 - 0x00007ffd6c42e000 	C:\WINDOWS\System32\cfgmgr32.dll
0x00007ffd6bac0000 - 0x00007ffd6baf4000 	C:\WINDOWS\SYSTEM32\DEVOBJ.dll
0x00007ffd69380000 - 0x00007ffd693af000 	C:\WINDOWS\SYSTEM32\dwmapi.dll
0x00007ffd58fa0000 - 0x00007ffd590f2000 	C:\WINDOWS\SYSTEM32\inputhost.dll
0x00007ffd6e440000 - 0x00007ffd6e50d000 	C:\WINDOWS\System32\OLEAUT32.dll
0x00007ffd68d70000 - 0x00007ffd68e62000 	C:\WINDOWS\SYSTEM32\CoreMessaging.dll
0x00007ffd68090000 - 0x00007ffd681e4000 	C:\WINDOWS\SYSTEM32\wintypes.dll
0x00007ffd68a10000 - 0x00007ffd68d6e000 	C:\WINDOWS\SYSTEM32\CoreUIComponents.dll
0x00007ffd676d0000 - 0x00007ffd677c6000 	C:\WINDOWS\SYSTEM32\PROPSYS.dll
0x00007ffd6a9b0000 - 0x00007ffd6a9e3000 	C:\WINDOWS\SYSTEM32\ntmarta.dll
0x00007ffd690a0000 - 0x00007ffd6913e000 	C:\WINDOWS\system32\uxtheme.dll
0x00007ffd6dd90000 - 0x00007ffd6dea5000 	C:\WINDOWS\System32\MSCTF.dll
0x00007ffd3b8a0000 - 0x00007ffd3b9c5000 	C:\WINDOWS\SYSTEM32\opengl32.dll
0x00007ffd3c370000 - 0x00007ffd3c39c000 	C:\WINDOWS\SYSTEM32\GLU32.dll
0x00007ffd6cc30000 - 0x00007ffd6ccd9000 	C:\WINDOWS\System32\clbcatq.dll
0x00007ffd13030000 - 0x00007ffd13f77000 	C:\WINDOWS\System32\DriverStore\FileRepository\iigd_dch.inf_amd64_ada2367baaae74c0\ig11icd64.dll
0x00007ffd6e1c0000 - 0x00007ffd6e2ea000 	C:\WINDOWS\System32\ole32.dll
0x00007ffd6a6d0000 - 0x00007ffd6a7c4000 	C:\WINDOWS\system32\dxgi.dll
0x00007ffd601f0000 - 0x00007ffd6022b000 	C:\WINDOWS\SYSTEM32\dxcore.dll
0x00007ffd5a680000 - 0x00007ffd5cac9000 	C:\WINDOWS\System32\DriverStore\FileRepository\iigd_dch.inf_amd64_ada2367baaae74c0\igc64.dll
0x00007ffd6b2a0000 - 0x00007ffd6b2eb000 	C:\WINDOWS\SYSTEM32\powrprof.dll
0x00007ffd6b110000 - 0x00007ffd6b122000 	C:\WINDOWS\SYSTEM32\UMPDC.dll
0x00007ffd5cff0000 - 0x00007ffd5d194000 	C:\WINDOWS\System32\DriverStore\FileRepository\iigd_dch.inf_amd64_ada2367baaae74c0\igdgmm64.dll
0x00007ffd58ea0000 - 0x00007ffd58f99000 	C:\WINDOWS\SYSTEM32\textinputframework.dll
0x00007ffd51e60000 - 0x00007ffd51ec6000 	C:\WINDOWS\system32\Oleacc.dll
0x00007ffd2ca60000 - 0x00007ffd2cabd000 	C:\Users\jerms\AppData\Local\Temp\lwjgljerms\3.3.0-SNAPSHOT\lwjgl_opengl.dll
0x00007ffd2c250000 - 0x00007ffd2c2d1000 	C:\Users\jerms\AppData\Local\Temp\lwjgljerms\3.3.0-SNAPSHOT\lwjgl_stb.dll
0x0000000064a00000 - 0x000000006580b000 	C:\Users\jerms\AppData\Local\Temp\imgui-java-natives_1642138711544\imgui-java64.dll

dbghelp: loaded successfully - version: 4.0.5 - missing functions: none
symbol engine: initialized successfully - sym options: 0x614 - pdb path: .;C:\Users\jerms\AppData\Local\Programs\AdoptOpenJDK\bin;C:\WINDOWS\SYSTEM32;C:\WINDOWS\WinSxS\amd64_microsoft.windows.common-controls_6595b64144ccf1df_6.0.19041.1110_none_60b5254171f9507e;C:\Users\jerms\AppData\Local\Programs\AdoptOpenJDK\bin\server;C:\Users\jerms\AppData\Local\Temp\lwjgljerms\3.3.0-SNAPSHOT;C:\WINDOWS\System32\DriverStore\FileRepository\iigd_dch.inf_amd64_ada2367baaae74c0;C:\Users\jerms\AppData\Local\Temp\imgui-java-natives_1642138711544

VM Arguments:
jvm_args: -Dfile.encoding=windows-1252 -Duser.country=US -Duser.language=en -Duser.variant 
java_command: Main java.library.paths=libs
java_class_path (initial): C:\Wave Motion\build\classes\java\main;C:\Wave Motion\build\resources\main;C:\Wave Motion\libs\imgui-app-1.86.0-javadoc.jar;C:\Wave Motion\libs\imgui-app-1.86.0-sources.jar;C:\Wave Motion\libs\imgui-app-1.86.0.jar;C:\Wave Motion\libs\imgui-binding-1.86.0-javadoc.jar;C:\Wave Motion\libs\imgui-binding-1.86.0-sources.jar;C:\Wave Motion\libs\imgui-binding-1.86.0.jar;C:\Wave Motion\libs\imgui-lwjgl3-1.86.0-javadoc.jar;C:\Wave Motion\libs\imgui-lwjgl3-1.86.0-sources.jar;C:\Wave Motion\libs\imgui-lwjgl3-1.86.0.jar;C:\Users\jerms\.gradle\caches\modules-2\files-2.1\org.lwjgl\lwjgl-assimp\3.3.0\82135e856184e76d38a97f729141298d3edcf0e4\lwjgl-assimp-3.3.0.jar;C:\Users\jerms\.gradle\caches\modules-2\files-2.1\org.lwjgl\lwjgl-assimp\3.3.0\3256ea17d2f82e98a2e6464cb165a3af49ac5e36\lwjgl-assimp-3.3.0-natives-windows.jar;C:\Users\jerms\.gradle\caches\modules-2\files-2.1\org.lwjgl\lwjgl-glfw\3.3.0\899e34f314525596f8fdb6476d3e56104da4601d\lwjgl-glfw-3.3.0.jar;C:\Users\jerms\.gradle\caches\modules-2\files-2.1\org.lwjgl\lwjgl-glfw\3.3.0\b2d71cebdfecc512131879573e835211cb47b91f\lwjgl-glfw-3.3.0-natives-windows.jar;C:\Users\jerms\.gradle\caches\modules-2\files-2.1\org.lwjgl\lwjgl-nfd\3.3.0\6d0e4be3e2811979b3cad55f642c5b13559fa202\lwjgl-nfd-3.3.0.jar;C:\Users\jerms\.gradle\caches\modules-2\files-2.1\org.lwjgl\lwjgl-nfd\3.3.0\eabaa0a7dcf9597d6a11c2d706431fd884dd84d9\lwjgl-nfd-3.3.0-natives-windows.jar;C:\Users\jerms\.gradle\caches\modules-2\files-2.1\org.lwjgl\lwjgl-openal\3.3.0\902dd57b5a46e8a75ee843c2db61f80b4d130d48\lwjgl-openal-3.3.0.jar;C:\Users\jerms\.gradle\caches\modules-2\files-2.1\org.lwjgl\lwjgl-openal\3.3.0\d6e59a987bd196b9a7ce161db41fe1727b0d88f\lwjgl-openal-3.3.0-natives-windows.jar;C:\Users\jerms\.gradle\caches\modules-2\files-2.1\org.lwjgl\lwjgl-opengl\3.3.0\a1f395f7758a3abd5aff75fc8a20368ac371631e\lwjgl-opengl-3.3.0.jar;C:\Users\jerms\.gradle\caches\modules-2\files-2.1\org.lwjgl\lwjgl-opengl\3.3.0\de52e197709c8d03cb386ed7b3b4ce8b96a339f3\lwjgl-op
Launcher Type: SUN_STANDARD

[Global flags]
     intx CICompilerCount                          = 4                                         {product} {ergonomic}
     uint ConcGCThreads                            = 2                                         {product} {ergonomic}
     uint G1ConcRefinementThreads                  = 8                                         {product} {ergonomic}
   size_t G1HeapRegionSize                         = 1048576                                   {product} {ergonomic}
    uintx GCDrainStackTargetSize                   = 64                                        {product} {ergonomic}
   size_t InitialHeapSize                          = 197132288                                 {product} {ergonomic}
   size_t MarkStackSize                            = 4194304                                   {product} {ergonomic}
   size_t MaxHeapSize                              = 3139436544                                {product} {ergonomic}
   size_t MaxNewSize                               = 1883242496                                {product} {ergonomic}
   size_t MinHeapDeltaBytes                        = 1048576                                   {product} {ergonomic}
    uintx NonNMethodCodeHeapSize                   = 5836300                                {pd product} {ergonomic}
    uintx NonProfiledCodeHeapSize                  = 122910970                              {pd product} {ergonomic}
    uintx ProfiledCodeHeapSize                     = 122910970                              {pd product} {ergonomic}
    uintx ReservedCodeCacheSize                    = 251658240                              {pd product} {ergonomic}
     bool SegmentedCodeCache                       = true                                      {product} {ergonomic}
     bool UseCompressedClassPointers               = true                                 {lp64_product} {ergonomic}
     bool UseCompressedOops                        = true                                 {lp64_product} {ergonomic}
     bool UseG1GC                                  = true                                      {product} {ergonomic}
     bool UseLargePagesIndividualAllocation        = false                                  {pd product} {ergonomic}

Logging:
Log output configuration:
 #0: stdout all=warning uptime,level,tags
 #1: stderr all=off uptime,level,tags

Environment Variables:
JAVA_HOME=C:\Users\jerms\AppData\Local\Programs\AdoptOpenJDK\
PATH=C:\WINDOWS\system32;C:\WINDOWS;C:\WINDOWS\System32\Wbem;C:\WINDOWS\System32\WindowsPowerShell\v1.0\;C:\WINDOWS\System32\OpenSSH\;C:\Program Files\PuTTY\;C:\Program Files\dotnet\;C:\Program Files\nodejs\;C:\Program Files (x86)\IncrediBuild;C:\Program Files\CMake\bin;C:\Program Files\Git\cmd;C:\MinGW\bin;C:\Users\jerms\AppData\Local\Programs\AdoptOpenJDK\bin;C:\Users\jerms\AppData\Local\Microsoft\WindowsApps;;C:\Users\jerms\AppData\Local\Programs\Microsoft VS Code\bin;C:\Users\jerms\AppData\Roaming\npm;C:\Users\jerms\.dotnet\tools;C:\Program Files\JetBrains\IntelliJ IDEA Community Edition 2021.3.1\bin;
USERNAME=jerms
OS=Windows_NT
PROCESSOR_IDENTIFIER=Intel64 Family 6 Model 126 Stepping 5, GenuineIntel



---------------  S Y S T E M  ---------------

OS: Windows 10 , 64 bit Build 19041 (10.0.19041.1466)
HyperV virtualization detected

CPU:total 8 (initial active 8) (4 cores per cpu, 2 threads per core) family 6 model 126 stepping 5, cmov, cx8, fxsr, mmx, sse, sse2, sse3, ssse3, sse4.1, sse4.2, popcnt, avx, avx2, aes, clmul, erms, 3dnowpref, lzcnt, ht, tsc, tscinvbit, bmi1, bmi2, adx, evex, sha, fma

Memory: 4k page, system-wide physical 11973M (3633M free)
TotalPageFile size 13765M (AvailPageFile size 2353M)
current process WorkingSet (physical memory assigned to process): 137M, peak: 137M
current process commit charge ("private bytes"): 323M, peak: 327M

vm_info: OpenJDK 64-Bit Server VM (11.0.6+10) for windows-amd64 JRE (11.0.6+10), built on Jan 15 2020 06:14:58 by "" with MS VC++ 15.8 (VS2017)

END.
